<?xml version="1.0" encoding="UTF-8"?>
<testng-results skipped="0" failed="0" ignored="0" total="2" passed="2">
  <reporter-output>
  </reporter-output>
  <suite name="Suite" duration-ms="31305" started-at="2020-02-26T20:09:09 IST" finished-at="2020-02-26T20:09:41 IST">
    <groups>
    </groups>
    <test name="Test" duration-ms="31305" started-at="2020-02-26T20:09:09 IST" finished-at="2020-02-26T20:09:41 IST">
      <class name="myclass">
        <test-method status="PASS" signature="f()[pri:0, instance:myclass@73ad2d6]" name="f" duration-ms="12245" started-at="2020-02-26T20:09:09 IST" finished-at="2020-02-26T20:09:22 IST">
          <reporter-output>
          </reporter-output>
        </test-method> <!-- f -->
        <test-method status="PASS" signature="s()[pri:0, instance:myclass@73ad2d6]" name="s" duration-ms="19016" started-at="2020-02-26T20:09:22 IST" finished-at="2020-02-26T20:09:41 IST">
          <reporter-output>
          </reporter-output>
        </test-method> <!-- s -->
      </class> <!-- myclass -->
    </test> <!-- Test -->
  </suite> <!-- Suite -->
</testng-results>
